[2025-04-01 16:36:08] Welcome!
[2025-04-01 16:36:08] Logger started, logging into `/home/ecarreno/SSC-Projects/b_REPOSITORIES/ecarrenolozano/omnipath-server-django/omnipath_server_log/omnipath_server-bpfho.log`.
[2025-04-01 16:36:08] Session `bpfho` started.
[2025-04-01 16:36:08] Config has been read from the following files:
[2025-04-01 16:36:08] Connecting to `postgresql://omnipathuser:omnipath123@localhost:5432/omnipath_db_sandbox`...
[2025-04-01 16:36:08] Connected to `postgresql://omnipathuser:omnipath123@localhost:5432/omnipath_db_sandbox`.
[2025-04-01 16:36:08] Connecting to `postgresql://omnipathuser:omnipath123@localhost:5432/omnipath_db_sandbox`...
[2025-04-01 16:36:08] Connected to `postgresql://omnipathuser:omnipath123@localhost:5432/omnipath_db_sandbox`.
[2025-04-01 16:36:08] Connecting to `postgresql://omnipathuser:omnipath123@localhost:5432/omnipath_db_sandbox`...
[2025-04-01 16:36:08] Connected to `postgresql://omnipathuser:omnipath123@localhost:5432/omnipath_db_sandbox`.
[2025-04-01 16:36:08] Creating tables in legacy database...
[2025-04-01 16:36:08] Finished creating tables in legacy database...
[2025-04-01 16:36:08] Populating legacy database...
[2025-04-01 16:36:08] Loading table `interactions` from `_data_sandbox/omnipath_webservice_interactions.tsv`...
[2025-04-01 16:36:08] Insert query: INSERT INTO interactions ("source", "target", "source_genesymbol", "target_genesymbol", "is_directed", "is_stimulation", "is_inhibition", "consensus_direction", "consensus_stimulation",
                      "consensus_inhibition", "sources", "references", "omnipath", "kinaseextra", "ligrecextra", "pathwayextra", "mirnatarget", "dorothea", "collectri", "tf_target", "lncrna_mrna",
                      "tf_mirna", "small_molecule", "dorothea_curated", "dorothea_chipseq", "dorothea_tfbs", "dorothea_coexp", "dorothea_level", "type", "curation_effort", "extra_attrs", "evidences",
                      "ncbi_tax_id_source", "entity_type_source", "ncbi_tax_id_target", "entity_type_target") VALUES %s
[2025-04-01 16:36:08] Inserting data into table `interactions`...
[2025-04-01 16:36:08] Executing query: INSERT INTO interactions ("source", "target", "source_genesymbol", "target_genesymbol", "is_directed", "is_stimulation", "is_inhibition", "consensus_direction",
                      "consensus_stimulation", "consensus_inhibition", "sources", "references", "omnipath", "kinaseextra", "ligrecextra", "pathwayextra", "mirnatarget", "dorothea", "collectri",
                      "tf_target", "lncrna_mrna", "tf_mirna", "small_molecule", "dorothea_curated", "dorothea_chipseq", "dorothea_tfbs", "dorothea_coexp", "dorothea_level", "type", "curation_effort",
                      "extra_attrs", "evidences", "ncbi_tax_id_source", "entity_type_source", "ncbi_tax_id_target", "entity_type_target") VALUES %s
[2025-04-01 16:36:08] Opening `_data_sandbox/omnipath_webservice_interactions.tsv` by `io.open(... )`...
[2025-04-01 16:36:08] Opened `_data_sandbox/omnipath_webservice_interactions.tsv` for reading.
[2025-04-01 16:36:08] Finished inserting data into table `interactions`.
[2025-04-01 16:36:08] Loading table `complexes` from `_data_sandbox/omnipath_webservice_complexes.tsv`...
[2025-04-01 16:36:08] Insert query: INSERT INTO complexes ("name", "components", "components_genesymbols", "stoichiometry", "sources", "references", "identifiers") VALUES %s
[2025-04-01 16:36:08] Inserting data into table `complexes`...
[2025-04-01 16:36:08] Executing query: INSERT INTO complexes ("name", "components", "components_genesymbols", "stoichiometry", "sources", "references", "identifiers") VALUES %s
[2025-04-01 16:36:08] Opening `_data_sandbox/omnipath_webservice_complexes.tsv` by `io.open(... )`...
[2025-04-01 16:36:08] Opened `_data_sandbox/omnipath_webservice_complexes.tsv` for reading.
[2025-04-01 16:36:08] Finished inserting data into table `complexes`.
[2025-04-01 16:36:08] Loading table `intercell` from `_data_sandbox/omnipath_webservice_intercell.tsv`...
