[2025-04-01 17:41:05] Welcome!
[2025-04-01 17:41:05] Logger started, logging into `/home/ecarreno/SSC-Projects/b_REPOSITORIES/ecarrenolozano/omnipath-server-django/omnipath_server_log/omnipath_server-mqpgz.log`.
[2025-04-01 17:41:05] Session `mqpgz` started.
[2025-04-01 17:41:05] Config has been read from the following files:
[2025-04-01 17:41:05] Connecting to `postgresql://omnipathuser:omnipath123@localhost:5432/omnipath_db_sandbox`...
[2025-04-01 17:41:05] Connected to `postgresql://omnipathuser:omnipath123@localhost:5432/omnipath_db_sandbox`.
[2025-04-01 17:41:05] Connecting to `postgresql://omnipathuser:omnipath123@localhost:5432/omnipath_db_sandbox`...
[2025-04-01 17:41:05] Connected to `postgresql://omnipathuser:omnipath123@localhost:5432/omnipath_db_sandbox`.
[2025-04-01 17:41:05] Connecting to `postgresql://omnipathuser:omnipath123@localhost:5432/omnipath_db_sandbox`...
[2025-04-01 17:41:05] Connected to `postgresql://omnipathuser:omnipath123@localhost:5432/omnipath_db_sandbox`.
[2025-04-01 17:41:05] Creating tables in legacy database...
[2025-04-01 17:41:05] Finished creating tables in legacy database...
[2025-04-01 17:41:05] Populating legacy database...
[2025-04-01 17:41:05] Loading table `complexes` from `_data_sandbox/omnipath_webservice_complexes.tsv`...
[2025-04-01 17:41:05] Insert query: INSERT INTO complexes ("name", "components", "components_genesymbols", "stoichiometry", "sources", "references", "identifiers") VALUES %s
[2025-04-01 17:41:05] Inserting data into table `complexes`...
[2025-04-01 17:41:05] Executing query: INSERT INTO complexes ("name", "components", "components_genesymbols", "stoichiometry", "sources", "references", "identifiers") VALUES %s
[2025-04-01 17:41:05] Opening `_data_sandbox/omnipath_webservice_complexes.tsv` by `io.open(... )`...
[2025-04-01 17:41:05] Opened `_data_sandbox/omnipath_webservice_complexes.tsv` for reading.
[2025-04-01 17:41:05] Finished inserting data into table `complexes`.
[2025-04-01 17:41:05] Loading table `intercell` from `_data_sandbox/omnipath_webservice_intercell.tsv`...
[2025-04-01 17:41:05] Insert query: INSERT INTO intercell ("category", "parent", "database", "scope", "aspect", "source", "uniprot", "genesymbol", "entity_type", "consensus_score", "transmitter", "receiver", "secreted",
                      "plasma_membrane_transmembrane", "plasma_membrane_peripheral") VALUES %s
[2025-04-01 17:41:05] Inserting data into table `intercell`...
[2025-04-01 17:41:05] Executing query: INSERT INTO intercell ("category", "parent", "database", "scope", "aspect", "source", "uniprot", "genesymbol", "entity_type", "consensus_score", "transmitter", "receiver", "secreted",
                      "plasma_membrane_transmembrane", "plasma_membrane_peripheral") VALUES %s
[2025-04-01 17:41:05] Opening `_data_sandbox/omnipath_webservice_intercell.tsv` by `io.open(... )`...
[2025-04-01 17:41:05] Opened `_data_sandbox/omnipath_webservice_intercell.tsv` for reading.
[2025-04-01 17:41:05] Finished inserting data into table `intercell`.
[2025-04-01 17:41:05] Loading table `annotations` from `_data_sandbox/omnipath_webservice_annotations.tsv`...
[2025-04-01 17:41:05] Insert query: INSERT INTO annotations ("uniprot", "genesymbol", "entity_type", "source", "label", "value", "record_id") VALUES %s
[2025-04-01 17:41:05] Inserting data into table `annotations`...
[2025-04-01 17:41:05] Executing query: INSERT INTO annotations ("uniprot", "genesymbol", "entity_type", "source", "label", "value", "record_id") VALUES %s
[2025-04-01 17:41:05] Opening `_data_sandbox/omnipath_webservice_annotations.tsv` by `io.open(... )`...
[2025-04-01 17:41:05] Opened `_data_sandbox/omnipath_webservice_annotations.tsv` for reading.
[2025-04-01 17:41:05] Finished inserting data into table `annotations`.
[2025-04-01 17:41:05] Loading table `enzsub` from `_data_sandbox/omnipath_webservice_enzsub.tsv`...
