[2025-04-01 16:27:24] Welcome!
[2025-04-01 16:27:24] Logger started, logging into `/home/ecarreno/SSC-Projects/b_REPOSITORIES/ecarrenolozano/omnipath-server-django/omnipath_server_log/omnipath_server-5dy3d.log`.
[2025-04-01 16:27:24] Session `5dy3d` started.
[2025-04-01 16:27:24] Config has been read from the following files:
[2025-04-01 16:27:24] Connecting to `postgresql://omnipathuser:omnipath123@localhost:5432/omnipath_db_sandbox`...
[2025-04-01 16:27:24] Connected to `postgresql://omnipathuser:omnipath123@localhost:5432/omnipath_db_sandbox`.
[2025-04-01 16:27:24] Connecting to `postgresql://omnipathuser:omnipath123@localhost:5432/omnipath_db_sandbox`...
[2025-04-01 16:27:24] Connected to `postgresql://omnipathuser:omnipath123@localhost:5432/omnipath_db_sandbox`.
[2025-04-01 16:27:24] Connecting to `postgresql://omnipathuser:omnipath123@localhost:5432/omnipath_db_sandbox`...
[2025-04-01 16:27:24] Connected to `postgresql://omnipathuser:omnipath123@localhost:5432/omnipath_db_sandbox`.
[2025-04-01 16:27:24] Creating tables in legacy database...
[2025-04-01 16:27:24] Finished creating tables in legacy database...
[2025-04-01 16:27:24] Populating legacy database...
[2025-04-01 16:27:24] Loading table `annotations` from `_data_sandbox/omnipath_webservice_annotations.tsv`...
[2025-04-01 16:27:24] Insert query: INSERT INTO annotations ("uniprot", "genesymbol", "entity_type", "source", "label", "value", "record_id") VALUES %s
[2025-04-01 16:27:24] Inserting data into table `annotations`...
[2025-04-01 16:27:24] Executing query: INSERT INTO annotations ("uniprot", "genesymbol", "entity_type", "source", "label", "value", "record_id") VALUES %s
[2025-04-01 16:27:24] Opening `_data_sandbox/omnipath_webservice_annotations.tsv` by `io.open(... )`...
[2025-04-01 16:27:24] Opened `_data_sandbox/omnipath_webservice_annotations.tsv` for reading.
[2025-04-01 16:27:24] Finished inserting data into table `annotations`.
[2025-04-01 16:27:24] Loading table `enzsub` from `_data_sandbox/omnipath_webservice_enzsub.tsv`...
[2025-04-01 16:27:24] Insert query: INSERT INTO enzsub ("enzyme", "enzyme_genesymbol", "substrate", "substrate_genesymbol", "isoforms", "residue_type", "residue_offset", "modification", "sources", "references",
                      "curation_effort", "ncbi_tax_id") VALUES %s
[2025-04-01 16:27:24] Inserting data into table `enzsub`...
[2025-04-01 16:27:24] Executing query: INSERT INTO enzsub ("enzyme", "enzyme_genesymbol", "substrate", "substrate_genesymbol", "isoforms", "residue_type", "residue_offset", "modification", "sources", "references",
                      "curation_effort", "ncbi_tax_id") VALUES %s
[2025-04-01 16:27:24] Opening `_data_sandbox/omnipath_webservice_enzsub.tsv` by `io.open(... )`...
[2025-04-01 16:27:24] Opened `_data_sandbox/omnipath_webservice_enzsub.tsv` for reading.
[2025-04-01 16:27:24] Finished inserting data into table `enzsub`.
[2025-04-01 16:27:24] Loading table `complexes` from `_data_sandbox/omnipath_webservice_complexes.tsv`...
[2025-04-01 16:27:24] Insert query: INSERT INTO complexes ("name", "components", "components_genesymbols", "stoichiometry", "sources", "references", "identifiers") VALUES %s
[2025-04-01 16:27:24] Inserting data into table `complexes`...
[2025-04-01 16:27:24] Executing query: INSERT INTO complexes ("name", "components", "components_genesymbols", "stoichiometry", "sources", "references", "identifiers") VALUES %s
[2025-04-01 16:27:24] Opening `_data_sandbox/omnipath_webservice_complexes.tsv` by `io.open(... )`...
[2025-04-01 16:27:24] Opened `_data_sandbox/omnipath_webservice_complexes.tsv` for reading.
[2025-04-01 16:27:24] Finished inserting data into table `complexes`.
[2025-04-01 16:27:24] Loading table `interactions` from `_data_sandbox/omnipath_webservice_interactions.tsv`...
