[2025-04-01 16:15:39] Welcome!
[2025-04-01 16:15:39] Logger started, logging into `/home/ecarreno/SSC-Projects/b_REPOSITORIES/ecarrenolozano/omnipath-server-django/omnipath_server_log/omnipath_server-36gqz.log`.
[2025-04-01 16:15:39] Session `36gqz` started.
[2025-04-01 16:15:39] Config has been read from the following files:
[2025-04-01 16:15:39] Connecting to `postgresql://omnipathuser:omnipath123@localhost:5432/omnipath_db_sandbox`...
[2025-04-01 16:15:39] Connected to `postgresql://omnipathuser:omnipath123@localhost:5432/omnipath_db_sandbox`.
[2025-04-01 16:15:39] Connecting to `postgresql://omnipathuser:omnipath123@localhost:5432/omnipath_db_sandbox`...
[2025-04-01 16:15:39] Connected to `postgresql://omnipathuser:omnipath123@localhost:5432/omnipath_db_sandbox`.
[2025-04-01 16:15:39] Connecting to `postgresql://omnipathuser:omnipath123@localhost:5432/omnipath_db_sandbox`...
[2025-04-01 16:15:39] Connected to `postgresql://omnipathuser:omnipath123@localhost:5432/omnipath_db_sandbox`.
[2025-04-01 16:15:39] Creating tables in legacy database...
[2025-04-01 16:15:39] Finished creating tables in legacy database...
[2025-04-01 16:15:39] Populating legacy database...
[2025-04-01 16:15:39] Loading table `enzsub` from `_data_sandbox/omnipath_webservice_enzsub.tsv`...
[2025-04-01 16:15:39] Insert query: INSERT INTO enzsub ("enzyme", "enzyme_genesymbol", "substrate", "substrate_genesymbol", "isoforms", "residue_type", "residue_offset", "modification", "sources", "references",
                      "curation_effort", "ncbi_tax_id") VALUES %s
[2025-04-01 16:15:39] Inserting data into table `enzsub`...
[2025-04-01 16:15:39] Executing query: INSERT INTO enzsub ("enzyme", "enzyme_genesymbol", "substrate", "substrate_genesymbol", "isoforms", "residue_type", "residue_offset", "modification", "sources", "references",
                      "curation_effort", "ncbi_tax_id") VALUES %s
[2025-04-01 16:15:39] Opening `_data_sandbox/omnipath_webservice_enzsub.tsv` by `io.open(... )`...
[2025-04-01 16:15:39] Opened `_data_sandbox/omnipath_webservice_enzsub.tsv` for reading.
[2025-04-01 16:15:39] Finished inserting data into table `enzsub`.
[2025-04-01 16:15:39] Loading table `interactions` from `_data_sandbox/omnipath_webservice_interactions.tsv`...
[2025-04-01 16:15:39] Insert query: INSERT INTO interactions ("source", "target", "source_genesymbol", "target_genesymbol", "is_directed", "is_stimulation", "is_inhibition", "consensus_direction", "consensus_stimulation",
                      "consensus_inhibition", "sources", "references", "omnipath", "kinaseextra", "ligrecextra", "pathwayextra", "mirnatarget", "dorothea", "collectri", "tf_target", "lncrna_mrna",
                      "tf_mirna", "small_molecule", "dorothea_curated", "dorothea_chipseq", "dorothea_tfbs", "dorothea_coexp", "dorothea_level", "type", "curation_effort", "extra_attrs", "evidences",
                      "ncbi_tax_id_source", "entity_type_source", "ncbi_tax_id_target", "entity_type_target") VALUES %s
[2025-04-01 16:15:39] Inserting data into table `interactions`...
[2025-04-01 16:15:39] Executing query: INSERT INTO interactions ("source", "target", "source_genesymbol", "target_genesymbol", "is_directed", "is_stimulation", "is_inhibition", "consensus_direction",
                      "consensus_stimulation", "consensus_inhibition", "sources", "references", "omnipath", "kinaseextra", "ligrecextra", "pathwayextra", "mirnatarget", "dorothea", "collectri",
                      "tf_target", "lncrna_mrna", "tf_mirna", "small_molecule", "dorothea_curated", "dorothea_chipseq", "dorothea_tfbs", "dorothea_coexp", "dorothea_level", "type", "curation_effort",
                      "extra_attrs", "evidences", "ncbi_tax_id_source", "entity_type_source", "ncbi_tax_id_target", "entity_type_target") VALUES %s
[2025-04-01 16:15:39] Opening `_data_sandbox/omnipath_webservice_interactions.tsv` by `io.open(... )`...
[2025-04-01 16:15:39] Opened `_data_sandbox/omnipath_webservice_interactions.tsv` for reading.
[2025-04-01 16:15:39] Finished inserting data into table `interactions`.
